time="2024-11-24T00:20:10-05:00" level=info msg="start main" func="main.main()" file="main.go:21"
time="2024-11-24T00:20:10-05:00" level=info msg="Grady started" func="main.main()" file="main.go:54"
time="2024-11-24T00:21:17-05:00" level=info msg="Grady shutting down" func="main.main()" file="main.go:60"
time="2024-11-24T00:21:17-05:00" level=info msg="Shutdown complete" func="main.main()" file="main.go:70"
time="2024-11-24T00:22:12-05:00" level=info msg="start main" func="main.main()" file="main.go:21"
time="2024-11-24T00:22:12-05:00" level=info msg="Grady started" func="main.main()" file="main.go:54"
time="2024-11-24T00:23:12-05:00" level=error msg="invalid token: error parsing tokens: token has invalid claims: token is expired" func="github.com/Perseverance7/grady/internal/handler.newErrorResponce()" file="responce.go:14"
time="2024-11-24T00:24:17-05:00" level=info msg="Grady shutting down" func="main.main()" file="main.go:60"
time="2024-11-24T00:24:17-05:00" level=info msg="Shutdown complete" func="main.main()" file="main.go:70"
time="2024-11-24T11:10:34-05:00" level=info msg="start main" func="main.main()" file="main.go:21"
time="2024-11-24T11:10:34-05:00" level=info msg="Grady started" func="main.main()" file="main.go:54"
time="2024-11-24T11:12:20-05:00" level=error msg="token verification failed" func="github.com/Perseverance7/grady/internal/handler.newErrorResponce()" file="responce.go:14"
time="2024-11-24T11:22:47-05:00" level=info msg="Grady shutting down" func="main.main()" file="main.go:60"
time="2024-11-24T11:22:47-05:00" level=info msg="Shutdown complete" func="main.main()" file="main.go:70"
time="2024-11-24T14:24:02-05:00" level=info msg="start main" func="main.main()" file="main.go:21"
time="2024-11-24T14:24:02-05:00" level=info msg="Grady started" func="main.main()" file="main.go:54"
time="2024-11-24T14:33:08-05:00" level=error msg="invalid token: error parsing tokens: token has invalid claims: token is expired" func="github.com/Perseverance7/grady/internal/handler.newErrorResponce()" file="responce.go:14"
time="2024-11-24T14:40:41-05:00" level=info msg="Grady shutting down" func="main.main()" file="main.go:60"
time="2024-11-24T14:40:41-05:00" level=info msg="Shutdown complete" func="main.main()" file="main.go:70"
time="2024-11-24T15:22:23-05:00" level=info msg="start main" func="main.main()" file="main.go:21"
time="2024-11-24T15:22:23-05:00" level=info msg="Grady started" func="main.main()" file="main.go:54"
time="2024-11-24T15:26:27-05:00" level=error msg="invalid token: error parsing tokens: token has invalid claims: token is expired" func="github.com/Perseverance7/grady/internal/handler.newErrorResponce()" file="responce.go:14"
time="2024-11-24T15:29:51-05:00" level=error msg="invalid token: error parsing tokens: token is malformed: could not base64 decode header: illegal base64 data at input byte 36" func="github.com/Perseverance7/grady/internal/handler.newErrorResponce()" file="responce.go:14"
time="2024-11-24T15:30:06-05:00" level=error msg="invalid token: error parsing tokens: token is malformed: could not base64 decode header: illegal base64 data at input byte 36" func="github.com/Perseverance7/grady/internal/handler.newErrorResponce()" file="responce.go:14"
time="2024-11-24T15:31:02-05:00" level=error msg=forbidden func="github.com/Perseverance7/grady/internal/handler.newErrorResponce()" file="responce.go:14"
time="2024-11-24T15:34:23-05:00" level=info msg="Grady shutting down" func="main.main()" file="main.go:60"
time="2024-11-24T15:34:23-05:00" level=info msg="Shutdown complete" func="main.main()" file="main.go:70"
time="2024-11-24T16:44:47-05:00" level=info msg="start main" func="main.main()" file="main.go:21"
time="2024-11-24T16:44:47-05:00" level=info msg="Grady started" func="main.main()" file="main.go:54"
time="2024-11-24T16:48:41-05:00" level=info msg="Grady shutting down" func="main.main()" file="main.go:60"
time="2024-11-24T16:48:41-05:00" level=info msg="Shutdown complete" func="main.main()" file="main.go:70"
